<?xml version="1.0" encoding="UTF-8"?>
<Site BuildName="(empty)"
	BuildStamp="20240805-0122-Experimental"
	Name="tetra"
	Generator="ctest-3.16.3"
	CompilerName="/usr/bin/c++"
	CompilerVersion="9.4.0"
	OSName="Linux"
	Hostname="tetra"
	OSRelease="5.15.0-117-generic"
	OSVersion="#127~20.04.1-Ubuntu SMP Thu Jul 11 15:36:12 UTC 2024"
	OSPlatform="x86_64"
	Is64Bits="1"
	VendorString="GenuineIntel"
	VendorID="Intel Corporation"
	FamilyID="6"
	ModelID="165"
	ProcessorCacheSize="16384"
	NumberOfLogicalCPU="16"
	NumberOfPhysicalCPU="8"
	TotalVirtualMemory="2047"
	TotalPhysicalMemory="31968"
	LogicalProcessorsPerPhysical="2"
	ProcessorClockFrequency="2909.46"
	>
	<Testing>
		<StartDateTime>Aug 05 10:22 KST</StartDateTime>
		<StartTestTime>1722820933</StartTestTime>
		<TestList/>
		<EndDateTime>Aug 05 10:22 KST</EndDateTime>
		<EndTestTime>1722820933</EndTestTime>
		<ElapsedMinutes>0</ElapsedMinutes>
	</Testing>
</Site>
